<?xml version="1.0" encoding="UTF-8"?>
<testng-results skipped="0" failed="0" ignored="0" total="1" passed="1">
  <reporter-output>
  </reporter-output>
  <suite name="Default suite" duration-ms="130" started-at="2020-04-20T13:01:09 EDT" finished-at="2020-04-20T13:01:09 EDT">
    <groups>
    </groups>
    <test name="Default test" duration-ms="130" started-at="2020-04-20T13:01:09 EDT" finished-at="2020-04-20T13:01:09 EDT">
      <class name="test.testNGdemo">
        <test-method status="PASS" signature="Demo()[pri:0, instance:test.testNGdemo@57536d79]" name="Demo" duration-ms="24" started-at="2020-04-20T13:01:09 EDT" finished-at="2020-04-20T13:01:09 EDT">
          <reporter-output>
          </reporter-output>
        </test-method> <!-- Demo -->
      </class> <!-- test.testNGdemo -->
    </test> <!-- Default test -->
  </suite> <!-- Default suite -->
</testng-results>
